flutter_beba/build/app/intermediates/manifest_merge_blame_file/release/manifest-merger-blame-release-report.txt
1<?xml version="1.0" encoding="utf-8"?>
2<manifest xmlns:android="http://schemas.android.com/apk/res/android"
3    package="com.example.beba_app"
4    android:versionCode="1"
5    android:versionName="1.0.0" >
6
7    <uses-sdk
8        android:minSdkVersion="19"
8-->src/main/AndroidManifest.xml
9        android:targetSdkVersion="33" />
9-->src/main/AndroidManifest.xml
10
11    <uses-permission android:name="android.permission.INTERNET" />
11-->[:firebase_dynamic_links] AndroidManifest.xml:9:5-67
11-->[:firebase_dynamic_links] AndroidManifest.xml:9:22-64
12    <uses-permission android:name="android.permission.ACCESS_NETWORK_STATE" />
12-->[:firebase_analytics] AndroidManifest.xml:9:5-79
12-->[:firebase_analytics] AndroidManifest.xml:9:22-76
13    <uses-permission android:name="android.permission.WAKE_LOCK" /> <!-- Permissions options for the `notification` group -->
13-->[:firebase_analytics] AndroidManifest.xml:11:5-68
13-->[:firebase_analytics] AndroidManifest.xml:11:22-65
14    <uses-permission android:name="android.permission.POST_NOTIFICATIONS" />
14-->[:firebase_messaging] AndroidManifest.xml:13:5-77
14-->[:firebase_messaging] AndroidManifest.xml:13:22-74
15    <uses-permission android:name="com.google.android.gms.permission.AD_ID" /> <!-- Required by older versions of Google Play services to create IID tokens -->
15-->[com.google.android.gms:play-services-measurement-api:21.2.2] AndroidManifest.xml:25:5-79
15-->[com.google.android.gms:play-services-measurement-api:21.2.2] AndroidManifest.xml:25:22-76
16    <uses-permission android:name="com.google.android.c2dm.permission.RECEIVE" />
16-->[com.google.firebase:firebase-messaging:23.1.2] AndroidManifest.xml:28:5-82
16-->[com.google.firebase:firebase-messaging:23.1.2] AndroidManifest.xml:28:22-79
17    <uses-permission android:name="com.google.android.finsky.permission.BIND_GET_INSTALL_REFERRER_SERVICE" />
17-->[com.google.android.gms:play-services-measurement:21.2.2] AndroidManifest.xml:26:5-110
17-->[com.google.android.gms:play-services-measurement:21.2.2] AndroidManifest.xml:26:22-107
18
19    <permission
19-->[androidx.core:core:1.9.0] AndroidManifest.xml:22:5-24:47
20        android:name="com.example.beba_app.DYNAMIC_RECEIVER_NOT_EXPORTED_PERMISSION"
20-->[androidx.core:core:1.9.0] AndroidManifest.xml:23:9-81
21        android:protectionLevel="signature" />
21-->[androidx.core:core:1.9.0] AndroidManifest.xml:24:9-44
22
23    <uses-permission android:name="com.example.beba_app.DYNAMIC_RECEIVER_NOT_EXPORTED_PERMISSION" />
23-->[androidx.core:core:1.9.0] AndroidManifest.xml:26:5-97
23-->[androidx.core:core:1.9.0] AndroidManifest.xml:26:22-94
24
25    <application
26        android:name="io.flutter.app.FlutterMultiDexApplication"
26-->src/main/AndroidManifest.xml:5:9-42
27        android:appComponentFactory="androidx.core.app.CoreComponentFactory"
27-->[androidx.core:core:1.9.0] AndroidManifest.xml:28:18-86
28        android:icon="@mipmap/ic_launcher"
28-->src/main/AndroidManifest.xml:6:9-43
29        android:label="beba_app" >
29-->src/main/AndroidManifest.xml:4:9-33
30        <activity
30-->src/main/AndroidManifest.xml:7:9-27:20
31            android:name="com.example.beba_app.MainActivity"
31-->src/main/AndroidManifest.xml:8:13-41
32            android:configChanges="orientation|keyboardHidden|keyboard|screenSize|smallestScreenSize|locale|layoutDirection|fontScale|screenLayout|density|uiMode"
32-->src/main/AndroidManifest.xml:12:13-163
33            android:exported="true"
33-->src/main/AndroidManifest.xml:9:13-36
34            android:hardwareAccelerated="true"
34-->src/main/AndroidManifest.xml:13:13-47
35            android:launchMode="singleTop"
35-->src/main/AndroidManifest.xml:10:13-43
36            android:theme="@style/LaunchTheme"
36-->src/main/AndroidManifest.xml:11:13-47
37            android:windowSoftInputMode="adjustResize" >
37-->src/main/AndroidManifest.xml:14:13-55
38
39            <!--
40                 Specifies an Android theme to apply to this Activity as soon as
41                 the Android process has started. This theme is visible to the user
42                 while the Flutter UI initializes. After that, this theme continues
43                 to determine the Window background behind the Flutter UI.
44            -->
45            <meta-data
45-->src/main/AndroidManifest.xml:19:13-22:17
46                android:name="io.flutter.embedding.android.NormalTheme"
46-->src/main/AndroidManifest.xml:20:15-70
47                android:resource="@style/NormalTheme" />
47-->src/main/AndroidManifest.xml:21:15-52
48
49            <intent-filter>
49-->src/main/AndroidManifest.xml:23:13-26:29
50                <action android:name="android.intent.action.MAIN" />
50-->src/main/AndroidManifest.xml:24:17-68
50-->src/main/AndroidManifest.xml:24:25-66
51
52                <category android:name="android.intent.category.LAUNCHER" />
52-->src/main/AndroidManifest.xml:25:17-76
52-->src/main/AndroidManifest.xml:25:27-74
53            </intent-filter>
54        </activity>
55        <!--
56             Don't delete the meta-data below.
57             This is used by the Flutter tool to generate GeneratedPluginRegistrant.java
58        -->
59        <meta-data
59-->src/main/AndroidManifest.xml:30:9-32:33
60            android:name="flutterEmbedding"
60-->src/main/AndroidManifest.xml:31:13-44
61            android:value="2" />
61-->src/main/AndroidManifest.xml:32:13-30
62
63        <service
63-->[:firebase_database] AndroidManifest.xml:10:9-14:19
64            android:name="com.google.firebase.components.ComponentDiscoveryService"
64-->[:firebase_database] AndroidManifest.xml:10:18-89
65            android:directBootAware="true"
65-->[com.google.firebase:firebase-common:20.3.2] AndroidManifest.xml:34:13-43
66            android:exported="false" >
66-->[com.google.firebase:firebase-database:20.2.1] AndroidManifest.xml:30:13-37
67            <meta-data
67-->[:firebase_database] AndroidManifest.xml:11:13-13:85
68                android:name="com.google.firebase.components:io.flutter.plugins.firebase.database.FlutterFirebaseAppRegistrar"
68-->[:firebase_database] AndroidManifest.xml:12:17-127
69                android:value="com.google.firebase.components.ComponentRegistrar" />
69-->[:firebase_database] AndroidManifest.xml:13:17-82
70            <meta-data
70-->[:cloud_firestore] AndroidManifest.xml:11:13-13:85
71                android:name="com.google.firebase.components:io.flutter.plugins.firebase.firestore.FlutterFirebaseFirestoreRegistrar"
71-->[:cloud_firestore] AndroidManifest.xml:12:17-134
72                android:value="com.google.firebase.components.ComponentRegistrar" />
72-->[:cloud_firestore] AndroidManifest.xml:13:17-82
73            <meta-data
73-->[:firebase_dynamic_links] AndroidManifest.xml:13:13-15:85
74                android:name="com.google.firebase.components:io.flutter.plugins.firebase.dynamiclinks.FlutterFirebaseAppRegistrar"
74-->[:firebase_dynamic_links] AndroidManifest.xml:14:17-131
75                android:value="com.google.firebase.components.ComponentRegistrar" />
75-->[:firebase_dynamic_links] AndroidManifest.xml:15:17-82
76            <meta-data
76-->[:firebase_analytics] AndroidManifest.xml:15:13-17:85
77                android:name="com.google.firebase.components:io.flutter.plugins.firebase.analytics.FlutterFirebaseAppRegistrar"
77-->[:firebase_analytics] AndroidManifest.xml:16:17-128
78                android:value="com.google.firebase.components.ComponentRegistrar" />
78-->[:firebase_analytics] AndroidManifest.xml:17:17-82
79            <meta-data
79-->[:firebase_auth] AndroidManifest.xml:11:13-13:85
80                android:name="com.google.firebase.components:io.flutter.plugins.firebase.auth.FlutterFirebaseAuthRegistrar"
80-->[:firebase_auth] AndroidManifest.xml:12:17-124
81                android:value="com.google.firebase.components.ComponentRegistrar" />
81-->[:firebase_auth] AndroidManifest.xml:13:17-82
82            <meta-data
82-->[:firebase_storage] AndroidManifest.xml:11:13-13:85
83                android:name="com.google.firebase.components:io.flutter.plugins.firebase.storage.FlutterFirebaseAppRegistrar"
83-->[:firebase_storage] AndroidManifest.xml:12:17-126
84                android:value="com.google.firebase.components.ComponentRegistrar" />
84-->[:firebase_storage] AndroidManifest.xml:13:17-82
85            <meta-data
85-->[:firebase_messaging] AndroidManifest.xml:38:13-40:85
86                android:name="com.google.firebase.components:io.flutter.plugins.firebase.messaging.FlutterFirebaseAppRegistrar"
86-->[:firebase_messaging] AndroidManifest.xml:39:17-128
87                android:value="com.google.firebase.components.ComponentRegistrar" />
87-->[:firebase_messaging] AndroidManifest.xml:40:17-82
88            <meta-data
88-->[:firebase_core] AndroidManifest.xml:11:13-13:85
89                android:name="com.google.firebase.components:io.flutter.plugins.firebase.core.FlutterFirebaseCoreRegistrar"
89-->[:firebase_core] AndroidManifest.xml:12:17-124
90                android:value="com.google.firebase.components.ComponentRegistrar" />
90-->[:firebase_core] AndroidManifest.xml:13:17-82
91            <meta-data
91-->[com.google.firebase:firebase-database:20.2.1] AndroidManifest.xml:31:13-33:85
92                android:name="com.google.firebase.components:com.google.firebase.database.DatabaseRegistrar"
92-->[com.google.firebase:firebase-database:20.2.1] AndroidManifest.xml:32:17-109
93                android:value="com.google.firebase.components.ComponentRegistrar" />
93-->[com.google.firebase:firebase-database:20.2.1] AndroidManifest.xml:33:17-82
94            <meta-data
94-->[com.google.firebase:firebase-firestore:24.6.0] AndroidManifest.xml:19:13-21:85
95                android:name="com.google.firebase.components:com.google.firebase.firestore.FirestoreRegistrar"
95-->[com.google.firebase:firebase-firestore:24.6.0] AndroidManifest.xml:20:17-111
96                android:value="com.google.firebase.components.ComponentRegistrar" />
96-->[com.google.firebase:firebase-firestore:24.6.0] AndroidManifest.xml:21:17-82
97            <meta-data
97-->[com.google.firebase:firebase-dynamic-links:21.1.0] AndroidManifest.xml:26:13-28:85
98                android:name="com.google.firebase.components:com.google.firebase.dynamiclinks.internal.FirebaseDynamicLinkRegistrar"
98-->[com.google.firebase:firebase-dynamic-links:21.1.0] AndroidManifest.xml:27:17-133
99                android:value="com.google.firebase.components.ComponentRegistrar" />
99-->[com.google.firebase:firebase-dynamic-links:21.1.0] AndroidManifest.xml:28:17-82
100            <meta-data
100-->[com.google.android.gms:play-services-measurement-api:21.2.2] AndroidManifest.xml:31:13-33:85
101                android:name="com.google.firebase.components:com.google.firebase.analytics.connector.internal.AnalyticsConnectorRegistrar"
101-->[com.google.android.gms:play-services-measurement-api:21.2.2] AndroidManifest.xml:32:17-139
102                android:value="com.google.firebase.components.ComponentRegistrar" />
102-->[com.google.android.gms:play-services-measurement-api:21.2.2] AndroidManifest.xml:33:17-82
103            <meta-data
103-->[com.google.firebase:firebase-auth:22.0.0] AndroidManifest.xml:69:13-71:85
104                android:name="com.google.firebase.components:com.google.firebase.auth.FirebaseAuthRegistrar"
104-->[com.google.firebase:firebase-auth:22.0.0] AndroidManifest.xml:70:17-109
105                android:value="com.google.firebase.components.ComponentRegistrar" />
105-->[com.google.firebase:firebase-auth:22.0.0] AndroidManifest.xml:71:17-82
106            <meta-data
106-->[com.google.firebase:firebase-storage:20.2.0] AndroidManifest.xml:32:13-34:85
107                android:name="com.google.firebase.components:com.google.firebase.storage.StorageRegistrar"
107-->[com.google.firebase:firebase-storage:20.2.0] AndroidManifest.xml:33:17-107
108                android:value="com.google.firebase.components.ComponentRegistrar" />
108-->[com.google.firebase:firebase-storage:20.2.0] AndroidManifest.xml:34:17-82
109            <meta-data
109-->[com.google.firebase:firebase-messaging:23.1.2] AndroidManifest.xml:55:13-57:85
110                android:name="com.google.firebase.components:com.google.firebase.messaging.FirebaseMessagingRegistrar"
110-->[com.google.firebase:firebase-messaging:23.1.2] AndroidManifest.xml:56:17-119
111                android:value="com.google.firebase.components.ComponentRegistrar" />
111-->[com.google.firebase:firebase-messaging:23.1.2] AndroidManifest.xml:57:17-82
112            <meta-data
112-->[com.google.firebase:firebase-iid:21.1.0] AndroidManifest.xml:32:13-34:85
113                android:name="com.google.firebase.components:com.google.firebase.iid.Registrar"
113-->[com.google.firebase:firebase-iid:21.1.0] AndroidManifest.xml:33:17-96
114                android:value="com.google.firebase.components.ComponentRegistrar" />
114-->[com.google.firebase:firebase-iid:21.1.0] AndroidManifest.xml:34:17-82
115            <meta-data
115-->[com.google.firebase:firebase-installations:17.1.3] AndroidManifest.xml:17:13-19:85
116                android:name="com.google.firebase.components:com.google.firebase.installations.FirebaseInstallationsRegistrar"
116-->[com.google.firebase:firebase-installations:17.1.3] AndroidManifest.xml:18:17-127
117                android:value="com.google.firebase.components.ComponentRegistrar" />
117-->[com.google.firebase:firebase-installations:17.1.3] AndroidManifest.xml:19:17-82
118            <meta-data
118-->[com.google.firebase:firebase-datatransport:18.1.7] AndroidManifest.xml:27:13-29:85
119                android:name="com.google.firebase.components:com.google.firebase.datatransport.TransportRegistrar"
119-->[com.google.firebase:firebase-datatransport:18.1.7] AndroidManifest.xml:28:17-115
120                android:value="com.google.firebase.components.ComponentRegistrar" />
120-->[com.google.firebase:firebase-datatransport:18.1.7] AndroidManifest.xml:29:17-82
121        </service>
122        <service
122-->[:firebase_messaging] AndroidManifest.xml:16:9-19:72
123            android:name="io.flutter.plugins.firebase.messaging.FlutterFirebaseMessagingBackgroundService"
123-->[:firebase_messaging] AndroidManifest.xml:17:13-107
124            android:exported="false"
124-->[:firebase_messaging] AndroidManifest.xml:18:13-37
125            android:permission="android.permission.BIND_JOB_SERVICE" />
125-->[:firebase_messaging] AndroidManifest.xml:19:13-69
126        <service
126-->[:firebase_messaging] AndroidManifest.xml:20:9-26:19
127            android:name="io.flutter.plugins.firebase.messaging.FlutterFirebaseMessagingService"
127-->[:firebase_messaging] AndroidManifest.xml:21:13-97
128            android:exported="false" >
128-->[:firebase_messaging] AndroidManifest.xml:22:13-37
129            <intent-filter>
129-->[:firebase_messaging] AndroidManifest.xml:23:13-25:29
130                <action android:name="com.google.firebase.MESSAGING_EVENT" />
130-->[:firebase_messaging] AndroidManifest.xml:24:17-78
130-->[:firebase_messaging] AndroidManifest.xml:24:25-75
131            </intent-filter>
132        </service>
133
134        <receiver
134-->[:firebase_messaging] AndroidManifest.xml:28:9-35:20
135            android:name="io.flutter.plugins.firebase.messaging.FlutterFirebaseMessagingReceiver"
135-->[:firebase_messaging] AndroidManifest.xml:29:13-98
136            android:exported="true"
136-->[:firebase_messaging] AndroidManifest.xml:30:13-36
137            android:permission="com.google.android.c2dm.permission.SEND" >
137-->[:firebase_messaging] AndroidManifest.xml:31:13-73
138            <intent-filter>
138-->[:firebase_messaging] AndroidManifest.xml:32:13-34:29
139                <action android:name="com.google.android.c2dm.intent.RECEIVE" />
139-->[:firebase_messaging] AndroidManifest.xml:33:17-81
139-->[:firebase_messaging] AndroidManifest.xml:33:25-78
140            </intent-filter>
141        </receiver>
142
143        <provider
143-->[:firebase_messaging] AndroidManifest.xml:43:9-47:38
144            android:name="io.flutter.plugins.firebase.messaging.FlutterFirebaseMessagingInitProvider"
144-->[:firebase_messaging] AndroidManifest.xml:44:13-102
145            android:authorities="com.example.beba_app.flutterfirebasemessaginginitprovider"
145-->[:firebase_messaging] AndroidManifest.xml:45:13-88
146            android:exported="false"
146-->[:firebase_messaging] AndroidManifest.xml:46:13-37
147            android:initOrder="99" />
147-->[:firebase_messaging] AndroidManifest.xml:47:13-35
148        <provider
148-->[:image_picker_android] AndroidManifest.xml:10:9-18:20
149            android:name="io.flutter.plugins.imagepicker.ImagePickerFileProvider"
149-->[:image_picker_android] AndroidManifest.xml:11:13-82
150            android:authorities="com.example.beba_app.flutter.image_provider"
150-->[:image_picker_android] AndroidManifest.xml:12:13-74
151            android:exported="false"
151-->[:image_picker_android] AndroidManifest.xml:13:13-37
152            android:grantUriPermissions="true" >
152-->[:image_picker_android] AndroidManifest.xml:14:13-47
153            <meta-data
153-->[:image_picker_android] AndroidManifest.xml:15:13-17:75
154                android:name="android.support.FILE_PROVIDER_PATHS"
154-->[:image_picker_android] AndroidManifest.xml:16:17-67
155                android:resource="@xml/flutter_image_picker_file_paths" />
155-->[:image_picker_android] AndroidManifest.xml:17:17-72
156        </provider>
157
158        <activity
158-->[:url_launcher_android] AndroidManifest.xml:10:9-13:74
159            android:name="io.flutter.plugins.urllauncher.WebViewActivity"
159-->[:url_launcher_android] AndroidManifest.xml:11:13-74
160            android:exported="false"
160-->[:url_launcher_android] AndroidManifest.xml:12:13-37
161            android:theme="@android:style/Theme.NoTitleBar.Fullscreen" />
161-->[:url_launcher_android] AndroidManifest.xml:13:13-71
162        <activity
162-->[com.google.android.gms:play-services-auth:20.4.0] AndroidManifest.xml:23:9-27:75
163            android:name="com.google.android.gms.auth.api.signin.internal.SignInHubActivity"
163-->[com.google.android.gms:play-services-auth:20.4.0] AndroidManifest.xml:24:13-93
164            android:excludeFromRecents="true"
164-->[com.google.android.gms:play-services-auth:20.4.0] AndroidManifest.xml:25:13-46
165            android:exported="false"
165-->[com.google.android.gms:play-services-auth:20.4.0] AndroidManifest.xml:26:13-37
166            android:theme="@android:style/Theme.Translucent.NoTitleBar" />
166-->[com.google.android.gms:play-services-auth:20.4.0] AndroidManifest.xml:27:13-72
167        <!--
168            Service handling Google Sign-In user revocation. For apps that do not integrate with
169            Google Sign-In, this service will never be started.
170        -->
171        <service
171-->[com.google.android.gms:play-services-auth:20.4.0] AndroidManifest.xml:33:9-37:51
172            android:name="com.google.android.gms.auth.api.signin.RevocationBoundService"
172-->[com.google.android.gms:play-services-auth:20.4.0] AndroidManifest.xml:34:13-89
173            android:exported="true"
173-->[com.google.android.gms:play-services-auth:20.4.0] AndroidManifest.xml:35:13-36
174            android:permission="com.google.android.gms.auth.api.signin.permission.REVOCATION_NOTIFICATION"
174-->[com.google.android.gms:play-services-auth:20.4.0] AndroidManifest.xml:36:13-107
175            android:visibleToInstantApps="true" />
175-->[com.google.android.gms:play-services-auth:20.4.0] AndroidManifest.xml:37:13-48
176
177        <activity
177-->[com.google.firebase:firebase-auth:22.0.0] AndroidManifest.xml:29:9-46:20
178            android:name="com.google.firebase.auth.internal.GenericIdpActivity"
178-->[com.google.firebase:firebase-auth:22.0.0] AndroidManifest.xml:30:13-80
179            android:excludeFromRecents="true"
179-->[com.google.firebase:firebase-auth:22.0.0] AndroidManifest.xml:31:13-46
180            android:exported="true"
180-->[com.google.firebase:firebase-auth:22.0.0] AndroidManifest.xml:32:13-36
181            android:launchMode="singleTask"
181-->[com.google.firebase:firebase-auth:22.0.0] AndroidManifest.xml:33:13-44
182            android:theme="@android:style/Theme.Translucent.NoTitleBar" >
182-->[com.google.firebase:firebase-auth:22.0.0] AndroidManifest.xml:34:13-72
183            <intent-filter>
183-->[com.google.firebase:firebase-auth:22.0.0] AndroidManifest.xml:35:13-45:29
184                <action android:name="android.intent.action.VIEW" />
184-->[com.google.firebase:firebase-auth:22.0.0] AndroidManifest.xml:36:17-69
184-->[com.google.firebase:firebase-auth:22.0.0] AndroidManifest.xml:36:25-66
185
186                <category android:name="android.intent.category.DEFAULT" />
186-->[com.google.firebase:firebase-auth:22.0.0] AndroidManifest.xml:38:17-76
186-->[com.google.firebase:firebase-auth:22.0.0] AndroidManifest.xml:38:27-73
187                <category android:name="android.intent.category.BROWSABLE" />
187-->[com.google.firebase:firebase-auth:22.0.0] AndroidManifest.xml:39:17-78
187-->[com.google.firebase:firebase-auth:22.0.0] AndroidManifest.xml:39:27-75
188
189                <data
189-->[com.google.firebase:firebase-auth:22.0.0] AndroidManifest.xml:41:17-44:51
190                    android:host="firebase.auth"
190-->[com.google.firebase:firebase-auth:22.0.0] AndroidManifest.xml:42:21-49
191                    android:path="/"
191-->[com.google.firebase:firebase-auth:22.0.0] AndroidManifest.xml:43:21-37
192                    android:scheme="genericidp" />
192-->[com.google.firebase:firebase-auth:22.0.0] AndroidManifest.xml:44:21-48
193            </intent-filter>
194        </activity>
195        <activity
195-->[com.google.firebase:firebase-auth:22.0.0] AndroidManifest.xml:47:9-64:20
196            android:name="com.google.firebase.auth.internal.RecaptchaActivity"
196-->[com.google.firebase:firebase-auth:22.0.0] AndroidManifest.xml:48:13-79
197            android:excludeFromRecents="true"
197-->[com.google.firebase:firebase-auth:22.0.0] AndroidManifest.xml:49:13-46
198            android:exported="true"
198-->[com.google.firebase:firebase-auth:22.0.0] AndroidManifest.xml:50:13-36
199            android:launchMode="singleTask"
199-->[com.google.firebase:firebase-auth:22.0.0] AndroidManifest.xml:51:13-44
200            android:theme="@android:style/Theme.Translucent.NoTitleBar" >
200-->[com.google.firebase:firebase-auth:22.0.0] AndroidManifest.xml:52:13-72
201            <intent-filter>
201-->[com.google.firebase:firebase-auth:22.0.0] AndroidManifest.xml:53:13-63:29
202                <action android:name="android.intent.action.VIEW" />
202-->[com.google.firebase:firebase-auth:22.0.0] AndroidManifest.xml:36:17-69
202-->[com.google.firebase:firebase-auth:22.0.0] AndroidManifest.xml:36:25-66
203
204                <category android:name="android.intent.category.DEFAULT" />
204-->[com.google.firebase:firebase-auth:22.0.0] AndroidManifest.xml:38:17-76
204-->[com.google.firebase:firebase-auth:22.0.0] AndroidManifest.xml:38:27-73
205                <category android:name="android.intent.category.BROWSABLE" />
205-->[com.google.firebase:firebase-auth:22.0.0] AndroidManifest.xml:39:17-78
205-->[com.google.firebase:firebase-auth:22.0.0] AndroidManifest.xml:39:27-75
206
207                <data
207-->[com.google.firebase:firebase-auth:22.0.0] AndroidManifest.xml:41:17-44:51
208                    android:host="firebase.auth"
208-->[com.google.firebase:firebase-auth:22.0.0] AndroidManifest.xml:42:21-49
209                    android:path="/"
209-->[com.google.firebase:firebase-auth:22.0.0] AndroidManifest.xml:43:21-37
210                    android:scheme="recaptcha" />
210-->[com.google.firebase:firebase-auth:22.0.0] AndroidManifest.xml:44:21-48
211            </intent-filter>
212        </activity>
213
214        <receiver
214-->[com.google.firebase:firebase-messaging:23.1.2] AndroidManifest.xml:31:9-38:20
215            android:name="com.google.firebase.iid.FirebaseInstanceIdReceiver"
215-->[com.google.firebase:firebase-messaging:23.1.2] AndroidManifest.xml:32:13-78
216            android:exported="true"
216-->[com.google.firebase:firebase-messaging:23.1.2] AndroidManifest.xml:33:13-36
217            android:permission="com.google.android.c2dm.permission.SEND" >
217-->[com.google.firebase:firebase-messaging:23.1.2] AndroidManifest.xml:34:13-73
218            <intent-filter>
218-->[:firebase_messaging] AndroidManifest.xml:32:13-34:29
219                <action android:name="com.google.android.c2dm.intent.RECEIVE" />
219-->[:firebase_messaging] AndroidManifest.xml:33:17-81
219-->[:firebase_messaging] AndroidManifest.xml:33:25-78
220            </intent-filter>
221        </receiver>
222        <!--
223             FirebaseMessagingService performs security checks at runtime,
224             but set to not exported to explicitly avoid allowing another app to call it.
225        -->
226        <service
226-->[com.google.firebase:firebase-messaging:23.1.2] AndroidManifest.xml:44:9-51:19
227            android:name="com.google.firebase.messaging.FirebaseMessagingService"
227-->[com.google.firebase:firebase-messaging:23.1.2] AndroidManifest.xml:45:13-82
228            android:directBootAware="true"
228-->[com.google.firebase:firebase-messaging:23.1.2] AndroidManifest.xml:46:13-43
229            android:exported="false" >
229-->[com.google.firebase:firebase-messaging:23.1.2] AndroidManifest.xml:47:13-37
230            <intent-filter android:priority="-500" >
230-->[:firebase_messaging] AndroidManifest.xml:23:13-25:29
231                <action android:name="com.google.firebase.MESSAGING_EVENT" />
231-->[:firebase_messaging] AndroidManifest.xml:24:17-78
231-->[:firebase_messaging] AndroidManifest.xml:24:25-75
232            </intent-filter>
233        </service>
234
235        <provider
235-->[com.google.firebase:firebase-common:20.3.2] AndroidManifest.xml:25:9-30:39
236            android:name="com.google.firebase.provider.FirebaseInitProvider"
236-->[com.google.firebase:firebase-common:20.3.2] AndroidManifest.xml:26:13-77
237            android:authorities="com.example.beba_app.firebaseinitprovider"
237-->[com.google.firebase:firebase-common:20.3.2] AndroidManifest.xml:27:13-72
238            android:directBootAware="true"
238-->[com.google.firebase:firebase-common:20.3.2] AndroidManifest.xml:28:13-43
239            android:exported="false"
239-->[com.google.firebase:firebase-common:20.3.2] AndroidManifest.xml:29:13-37
240            android:initOrder="100" />
240-->[com.google.firebase:firebase-common:20.3.2] AndroidManifest.xml:30:13-36
241
242        <receiver
242-->[com.google.android.gms:play-services-measurement:21.2.2] AndroidManifest.xml:29:9-33:20
243            android:name="com.google.android.gms.measurement.AppMeasurementReceiver"
243-->[com.google.android.gms:play-services-measurement:21.2.2] AndroidManifest.xml:30:13-85
244            android:enabled="true"
244-->[com.google.android.gms:play-services-measurement:21.2.2] AndroidManifest.xml:31:13-35
245            android:exported="false" >
245-->[com.google.android.gms:play-services-measurement:21.2.2] AndroidManifest.xml:32:13-37
246        </receiver>
247
248        <service
248-->[com.google.android.gms:play-services-measurement:21.2.2] AndroidManifest.xml:35:9-38:40
249            android:name="com.google.android.gms.measurement.AppMeasurementService"
249-->[com.google.android.gms:play-services-measurement:21.2.2] AndroidManifest.xml:36:13-84
250            android:enabled="true"
250-->[com.google.android.gms:play-services-measurement:21.2.2] AndroidManifest.xml:37:13-35
251            android:exported="false" />
251-->[com.google.android.gms:play-services-measurement:21.2.2] AndroidManifest.xml:38:13-37
252        <service
252-->[com.google.android.gms:play-services-measurement:21.2.2] AndroidManifest.xml:39:9-43:72
253            android:name="com.google.android.gms.measurement.AppMeasurementJobService"
253-->[com.google.android.gms:play-services-measurement:21.2.2] AndroidManifest.xml:40:13-87
254            android:enabled="true"
254-->[com.google.android.gms:play-services-measurement:21.2.2] AndroidManifest.xml:41:13-35
255            android:exported="false"
255-->[com.google.android.gms:play-services-measurement:21.2.2] AndroidManifest.xml:42:13-37
256            android:permission="android.permission.BIND_JOB_SERVICE" />
256-->[com.google.android.gms:play-services-measurement:21.2.2] AndroidManifest.xml:43:13-69
257
258        <activity
258-->[com.google.android.gms:play-services-base:18.1.0] AndroidManifest.xml:20:9-22:45
259            android:name="com.google.android.gms.common.api.GoogleApiActivity"
259-->[com.google.android.gms:play-services-base:18.1.0] AndroidManifest.xml:20:19-85
260            android:exported="false"
260-->[com.google.android.gms:play-services-base:18.1.0] AndroidManifest.xml:22:19-43
261            android:theme="@android:style/Theme.Translucent.NoTitleBar" />
261-->[com.google.android.gms:play-services-base:18.1.0] AndroidManifest.xml:21:19-78
262
263        <meta-data
263-->[com.google.android.gms:play-services-basement:18.1.0] AndroidManifest.xml:21:9-23:69
264            android:name="com.google.android.gms.version"
264-->[com.google.android.gms:play-services-basement:18.1.0] AndroidManifest.xml:22:13-58
265            android:value="@integer/google_play_services_version" />
265-->[com.google.android.gms:play-services-basement:18.1.0] AndroidManifest.xml:23:13-66
266
267        <uses-library
267-->[androidx.window:window:1.0.0-beta04] AndroidManifest.xml:25:9-27:40
268            android:name="androidx.window.extensions"
268-->[androidx.window:window:1.0.0-beta04] AndroidManifest.xml:26:13-54
269            android:required="false" />